Mock Version: 1.4.2
ENTER ['do'](['bash', '--login', '-c', '/usr/bin/rpmbuild -bs --target x86_64 --nodeps /builddir/build/SPECS/perl-Data-Page-Pageset.spec'], nspawn_args=[]shell=Falseuid=1000env={'LANG': 'C', 'TERM': 'vt100', 'SHELL': '/bin/bash', 'HOSTNAME': 'mock', 'PROMPT_COMMAND': 'printf "\\033]0;<mock-chroot>\\007"', 'HOME': '/builddir', 'PATH': '/usr/bin:/bin:/usr/sbin:/sbin', 'PS1': '<mock-chroot> \\s-\\v\\$ '}chrootPath='/var/lib/mock/epel-7-x86_64/root'gid=135user='mockbuild'timeout=0logger=<mockbuild.trace_decorator.getLog object at 0xda4290>printOutput=False)
Executing command: ['/usr/bin/systemd-nspawn', '-q', '-M', '2d9f445748bc4c5e98501c1dc2c9b098', '-D', '/var/lib/mock/epel-7-x86_64/root', '--setenv=LANG=C', '--setenv=TERM=vt100', '--setenv=SHELL=/bin/bash', '--setenv=HOSTNAME=mock', '--setenv=PROMPT_COMMAND=printf "\\033]0;<mock-chroot>\\007"', '--setenv=HOME=/builddir', '--setenv=PATH=/usr/bin:/bin:/usr/sbin:/sbin', '--setenv=PS1=<mock-chroot> \\s-\\v\\$ ', '-u', 'mockbuild', 'bash', '--login', '-c', '/usr/bin/rpmbuild -bs --target x86_64 --nodeps /builddir/build/SPECS/perl-Data-Page-Pageset.spec'] with env {'LANG': 'C', 'TERM': 'vt100', 'SHELL': '/bin/bash', 'HOSTNAME': 'mock', 'PROMPT_COMMAND': 'printf "\\033]0;<mock-chroot>\\007"', 'HOME': '/builddir', 'PATH': '/usr/bin:/bin:/usr/sbin:/sbin', 'PS1': '<mock-chroot> \\s-\\v\\$ '} and shell False
Building target platforms: x86_64
Building for target x86_64
Wrote: /builddir/build/SRPMS/perl-Data-Page-Pageset-1.02-1.el7.centos.src.rpm
Child return code was: 0
ENTER ['do'](['bash', '--login', '-c', u'/usr/bin/rpmbuild -bb --target x86_64 --nodeps /builddir/build/SPECS/perl-Data-Page-Pageset.spec'], nspawn_args=['--private-network']shell=Falseuid=1000env={'LANG': 'C', 'TERM': 'vt100', 'SHELL': '/bin/bash', 'HOSTNAME': 'mock', 'PROMPT_COMMAND': 'printf "\\033]0;<mock-chroot>\\007"', 'HOME': '/builddir', 'PATH': '/usr/bin:/bin:/usr/sbin:/sbin', 'PS1': '<mock-chroot> \\s-\\v\\$ '}chrootPath='/var/lib/mock/epel-7-x86_64/root'gid=135user='mockbuild'timeout=0logger=<mockbuild.trace_decorator.getLog object at 0xda4290>printOutput=False)
Executing command: ['/usr/bin/systemd-nspawn', '-q', '-M', 'e92be58e83d0420898ad3bffa83a557b', '-D', '/var/lib/mock/epel-7-x86_64/root', '--private-network', '--setenv=LANG=C', '--setenv=TERM=vt100', '--setenv=SHELL=/bin/bash', '--setenv=HOSTNAME=mock', '--setenv=PROMPT_COMMAND=printf "\\033]0;<mock-chroot>\\007"', '--setenv=HOME=/builddir', '--setenv=PATH=/usr/bin:/bin:/usr/sbin:/sbin', '--setenv=PS1=<mock-chroot> \\s-\\v\\$ ', '-u', 'mockbuild', 'bash', '--login', '-c', u'/usr/bin/rpmbuild -bb --target x86_64 --nodeps /builddir/build/SPECS/perl-Data-Page-Pageset.spec'] with env {'LANG': 'C', 'TERM': 'vt100', 'SHELL': '/bin/bash', 'HOSTNAME': 'mock', 'PROMPT_COMMAND': 'printf "\\033]0;<mock-chroot>\\007"', 'HOME': '/builddir', 'PATH': '/usr/bin:/bin:/usr/sbin:/sbin', 'PS1': '<mock-chroot> \\s-\\v\\$ '} and shell False
Building target platforms: x86_64
Building for target x86_64
Executing(%prep): /bin/sh -e /var/tmp/rpm-tmp.gkwGJu
+ umask 022
+ cd /builddir/build/BUILD
+ cd /builddir/build/BUILD
+ rm -rf Data-Page-Pageset-1.02
+ /usr/bin/tar -xf -
+ /usr/bin/gzip -dc /builddir/build/SOURCES/Data-Page-Pageset-1.02.tar.gz
+ STATUS=0
+ '[' 0 -ne 0 ']'
+ cd Data-Page-Pageset-1.02
+ /usr/bin/chmod -Rf a+rX,u+w,g-w,o-w .
+ exit 0
Executing(%build): /bin/sh -e /var/tmp/rpm-tmp.0Yeshy
+ umask 022
+ cd /builddir/build/BUILD
+ cd Data-Page-Pageset-1.02
+ /usr/bin/perl Build.PL installdirs=vendor
Checking prerequisites...
  requires:
    !  Class::Accessor is not installed
    !  Data::Page is not installed
    !  Test::Exception is not installed
    !  Test::More is not installed
ERRORS/WARNINGS FOUND IN PREREQUISITES.  You may wish to install the versions
of the modules indicated above before proceeding with this installation
Run 'Build installdeps' to install missing prerequisites.
Created MYMETA.yml and MYMETA.json
Creating new 'Build' script for 'Data-Page-Pageset' version '1.02'
+ ./Build
Building Data-Page-Pageset
+ exit 0
Executing(%install): /bin/sh -e /var/tmp/rpm-tmp.ipFUdC
+ umask 022
+ cd /builddir/build/BUILD
+ '[' /builddir/build/BUILDROOT/perl-Data-Page-Pageset-1.02-1.el7.centos.x86_64 '!=' / ']'
+ rm -rf /builddir/build/BUILDROOT/perl-Data-Page-Pageset-1.02-1.el7.centos.x86_64
++ dirname /builddir/build/BUILDROOT/perl-Data-Page-Pageset-1.02-1.el7.centos.x86_64
+ mkdir -p /builddir/build/BUILDROOT
+ mkdir /builddir/build/BUILDROOT/perl-Data-Page-Pageset-1.02-1.el7.centos.x86_64
+ cd Data-Page-Pageset-1.02
+ rm -rf /builddir/build/BUILDROOT/perl-Data-Page-Pageset-1.02-1.el7.centos.x86_64
+ ./Build install destdir=/builddir/build/BUILDROOT/perl-Data-Page-Pageset-1.02-1.el7.centos.x86_64 create_packlist=0
Building Data-Page-Pageset
Installing /builddir/build/BUILDROOT/perl-Data-Page-Pageset-1.02-1.el7.centos.x86_64/usr/share/perl5/vendor_perl/Data/Page/Pageset.pm
Installing /builddir/build/BUILDROOT/perl-Data-Page-Pageset-1.02-1.el7.centos.x86_64/usr/share/perl5/vendor_perl/Data/Page/Pageset/Chunk.pm
Installing /builddir/build/BUILDROOT/perl-Data-Page-Pageset-1.02-1.el7.centos.x86_64/usr/share/man/man3/Data::Page::Pageset.3pm
+ find /builddir/build/BUILDROOT/perl-Data-Page-Pageset-1.02-1.el7.centos.x86_64 -depth -type d -exec rmdir '{}' ';'
+ /usr/bin/chmod -Rf a+rX,u+w,g-w,o-w /builddir/build/BUILDROOT/perl-Data-Page-Pageset-1.02-1.el7.centos.x86_64/usr
+ /usr/lib/rpm/find-debuginfo.sh --strict-build-id -m --run-dwz --dwz-low-mem-die-limit 10000000 --dwz-max-die-limit 110000000 /builddir/build/BUILD/Data-Page-Pageset-1.02
/usr/lib/rpm/sepdebugcrcfix: Updated 0 CRC32s, 0 CRC32s did match.
+ /usr/lib/rpm/check-buildroot
+ /usr/lib/rpm/redhat/brp-compress
+ /usr/lib/rpm/redhat/brp-strip-static-archive /usr/bin/strip
+ /usr/lib/rpm/brp-python-bytecompile /usr/bin/python 1
+ /usr/lib/rpm/redhat/brp-python-hardlink
+ /usr/lib/rpm/redhat/brp-java-repack-jars
Executing(%check): /bin/sh -e /var/tmp/rpm-tmp.U5TtxG
+ umask 022
+ cd /builddir/build/BUILD
+ cd Data-Page-Pageset-1.02
+ ./Build test
t/00.load.t ....... 
Dubious, test returned 2 (wstat 512, 0x200)
No subtests run 
Can't locate Test/More.pm in @INC (@INC contains: /builddir/build/BUILD/Data-Page-Pageset-1.02/blib/lib /builddir/build/BUILD/Data-Page-Pageset-1.02/blib/arch /usr/local/lib64/perl5 /usr/local/share/perl5 /usr/lib64/perl5/vendor_perl /usr/share/perl5/vendor_perl /usr/lib64/perl5 /usr/share/perl5 .) at t/00.load.t line 1.
BEGIN failed--compilation aborted at t/00.load.t line 1.
t/01.main.t ....... 
Dubious, test returned 2 (wstat 512, 0x200)
No subtests run 
Can't locate Data/Page.pm in @INC (@INC contains: /builddir/build/BUILD/Data-Page-Pageset-1.02/blib/lib /builddir/build/BUILD/Data-Page-Pageset-1.02/blib/arch /usr/local/lib64/perl5 /usr/local/share/perl5 /usr/lib64/perl5/vendor_perl /usr/share/perl5/vendor_perl /usr/lib64/perl5 /usr/share/perl5 .) at t/01.main.t line 5.
BEGIN failed--compilation aborted at t/01.main.t line 5.
t/pod-coverage.t .. 
Dubious, test returned 2 (wstat 512, 0x200)
No subtests run 
Can't locate Test/More.pm in @INC (@INC contains: /builddir/build/BUILD/Data-Page-Pageset-1.02/blib/lib /builddir/build/BUILD/Data-Page-Pageset-1.02/blib/arch /usr/local/lib64/perl5 /usr/local/share/perl5 /usr/lib64/perl5/vendor_perl /usr/share/perl5/vendor_perl /usr/lib64/perl5 /usr/share/perl5) at t/pod-coverage.t line 3.
BEGIN failed--compilation aborted at t/pod-coverage.t line 3.
t/pod.t ........... 
Dubious, test returned 2 (wstat 512, 0x200)
No subtests run 
Test Summary Report
-------------------
t/00.load.t     (Wstat: 512 Tests: 0 Failed: 0)
  Non-zero exit status: 2
  Parse errors: No plan found in TAP output
t/01.main.t     (Wstat: 512 Tests: 0 Failed: 0)
  Non-zero exit status: 2
  Parse errors: No plan found in TAP output
t/pod-coverage.t (Wstat: 512 Tests: 0 Failed: 0)
  Non-zero exit status: 2
  Parse errors: No plan found in TAP output
t/pod.t         (Wstat: 512 Tests: 0 Failed: 0)
  Non-zero exit status: 2
  Parse errors: No plan found in TAP output
Files=4, Tests=0,  0 wallclock secs ( 0.02 usr  0.01 sys +  0.01 cusr  0.01 csys =  0.05 CPU)
Result: FAIL
Can't locate Test/More.pm in @INC (@INC contains: /builddir/build/BUILD/Data-Page-Pageset-1.02/blib/lib /builddir/build/BUILD/Data-Page-Pageset-1.02/blib/arch /usr/local/lib64/perl5 /usr/local/share/perl5 /usr/lib64/perl5/vendor_perl /usr/share/perl5/vendor_perl /usr/lib64/perl5 /usr/share/perl5) at t/pod.t line 3.
BEGIN failed--compilation aborted at t/pod.t line 3.
Failed 4/4 test programs. 0/0 subtests failed.
RPM build errors:
error: Bad exit status from /var/tmp/rpm-tmp.U5TtxG (%check)
    Bad exit status from /var/tmp/rpm-tmp.U5TtxG (%check)
Child return code was: 1
EXCEPTION: [Error()]
Traceback (most recent call last):
  File "/usr/lib/python2.7/site-packages/mockbuild/trace_decorator.py", line 96, in trace
    result = func(*args, **kw)
  File "/usr/lib/python2.7/site-packages/mockbuild/util.py", line 590, in do
    raise exception.Error("Command failed: \n # %s\n%s" % (command, output), child.returncode)
Error: Command failed: 
 # /usr/bin/systemd-nspawn -q -M e92be58e83d0420898ad3bffa83a557b -D /var/lib/mock/epel-7-x86_64/root --private-network --setenv=LANG=C --setenv=TERM=vt100 --setenv=SHELL=/bin/bash --setenv=HOSTNAME=mock --setenv=PROMPT_COMMAND=printf "\033]0;<mock-chroot>\007" --setenv=HOME=/builddir --setenv=PATH=/usr/bin:/bin:/usr/sbin:/sbin --setenv=PS1=<mock-chroot> \s-\v\$  -u mockbuild bash --login -c /usr/bin/rpmbuild -bb --target x86_64 --nodeps /builddir/build/SPECS/perl-Data-Page-Pageset.spec

