gpg-pubkey-352c64e5-52ae6884 1387161732 0 (none) installed
centos-release-7-3.1611.el7.centos.x86_64 1480443179 37000 baaad07d4ea15fe111867b662a89bedd installed
filesystem-3.2-21.el7.x86_64 1478360354 0 85f1060f0008732d497d001e9ef51444 installed
python-rpm-macros-3-17.el7.noarch 1489088731 2607 50108f9d07be4a9905432c28f0fbba9e installed
python2-rpm-macros-3-17.el7.noarch 1489088731 1495 d38a554f5e4f80c21d5fd5fee16394b0 installed
perl-srpm-macros-1-8.el7.noarch 1402343091 794 6bd0791a143b53addc95cbeb050859c8 installed
tzdata-2017b-1.el7.noarch 1490632461 1789861 19c0515778e6fdbb26ee0887c693bdfe installed
nss-softokn-freebl-3.16.2.3-14.4.el7.x86_64 1478377572 524140 90346eef2f5c936e08727b71abac0a8f installed
libstdc++-4.8.5-11.el7.x86_64 1478275282 1085770 ffbda2f5478988f42bb8566b47da3642 installed
bash-4.2.46-21.el7_3.x86_64 1481066514 3663714 c5ef9fd30717e426940ec3b93b1c6b37 installed
pcre-8.32-15.el7_2.1.x86_64 1463059700 1463132 706eaf3f5883111847dd618d632ed527 installed
zlib-1.2.7-17.el7.x86_64 1478369355 185710 505b6038db14d2b7d58c5721126cb11c installed
bzip2-libs-1.0.6-13.el7.x86_64 1447995892 70093 0486f0b02e0caa4195761266798e7a26 installed
libdb-5.3.21-19.el7.x86_64 1448048281 1853824 703c9d0ab993822943e9bd50b1563f02 installed
nss-util-3.28.4-1.0.el7_3.x86_64 1492694016 186216 71ecddbe223aebbed547b8563cb9d957 installed
gmp-1:6.0.0-12.el7_1.x86_64 1446553571 652070 6df8b2222267ce2a9895dbad1f6844c8 installed
readline-6.2-9.el7.x86_64 1402339940 460408 a8a99ecae8c6ab3cd760beabf1c6506b installed
libacl-2.2.51-12.el7.x86_64 1402389808 37056 44982295523df19df53fb78fc17fe447 installed
lua-5.1.4-15.el7.x86_64 1478400455 640319 d5973eb7ca2bb665f5fbb7141f2e27a3 installed
mpfr-3.1.1-4.el7.x86_64 1402362714 554279 4cedb227fd4730529b0874792007692b installed
libffi-3.0.13-18.el7.x86_64 1478363428 47766 f05f7a3749342b925fa10ca7de2f0116 installed
libmpc-1.0.1-3.el7.x86_64 1402343098 113833 835abbe42dbf1e0f94d227d54c01f483 installed
file-libs-5.11-33.el7.x86_64 1478376472 3077690 14a5e5d0610ce2de13f59b3996fa21ba installed
libuuid-2.23.2-33.el7_3.2.x86_64 1492029834 20254 04cab58d6d96d0d4ee67a440c553005d installed
p11-kit-0.20.7-3.el7.x86_64 1425617259 335334 bd87da1f5a67c264abf67d4a99f69ce7 installed
nss-softokn-3.16.2.3-14.4.el7.x86_64 1478377572 1101790 b3cb46e71769854fa671f9b0d029d1f4 installed
gawk-4.0.2-4.el7_3.1.x86_64 1498686770 2435978 5efa8feaeb12d57cda1a9bcd9c8af917 installed
gdbm-1.10-8.el7.x86_64 1402349948 184322 770bd49f3898dc1cc831fb9ec12d569a installed
libcap-ng-0.7.5-4.el7.x86_64 1448001510 50510 84efa5ca78408f78e606e7c8d1816759 installed
elfutils-0.166-2.el7.x86_64 1478364503 775048 706ec5231755ef41ecf9d4433616f3ae installed
cpp-4.8.5-11.el7.x86_64 1478275282 15632501 29bd7a48999d4cf36e9510088b8bb5ab installed
groff-base-1.22.2-8.el7.x86_64 1402345046 3453946 591d2a12420abc9fa9934414fc0987f4 installed
perl-HTTP-Tiny-0.033-3.el7.noarch 1402347217 97210 6133c7c1aee2bfeee269de4592b25884 installed
perl-Pod-Perldoc-3.20-4.el7.noarch 1402388270 166910 29a8a33b24ddf4e0e95ad8d2484cc277 installed
perl-Encode-2.51-7.el7.x86_64 1402368585 10176350 713ce27ff4434807ff7060b333ed8873 installed
perl-Pod-Usage-1.63-3.el7.noarch 1402390579 44671 1db34851ba13011739022f031438e15c installed
perl-libs-4:5.16.3-291.el7.x86_64 1478396090 1647288 2a77d868dc406a8988b9a71c46413c3b installed
perl-Time-HiRes-4:1.9725-3.el7.x86_64 1402343844 94069 43f7c93d02750221738a8c3bc845a1ca installed
perl-Storable-2.45-3.el7.x86_64 1402367398 181031 25787b4b609f3ee50d1c7f33d29e0102 installed
perl-Filter-1.49-3.el7.x86_64 1402353954 148475 66b1205b2eef2a89137e530741ed3710 installed
perl-constant-1.27-2.el7.noarch 1402368682 26364 f3ecfa1ce48e13496322e341a3f0b72c installed
perl-threads-shared-1.43-6.el7.x86_64 1402380447 73972 cd3e1ec9dfe8b5e9121fcd53b41aa197 installed
perl-File-Path-2.09-2.el7.noarch 1402361289 50067 94d54ef6ce6893ae2a4400c4b0ce79b7 installed
perl-Scalar-List-Utils-1.27-248.el7.x86_64 1402358220 67994 2fb261c150fc06b1a978809c5a9c706e installed
perl-Getopt-Long-2.40-2.el7.noarch 1402355518 134846 d55caf6c69d77039753a6b5243ec6f64 installed
perl-Thread-Queue-3.02-2.el7.noarch 1402347633 27642 29d052232cb1b86133bd838739672a15 installed
tar-2:1.26-31.el7.x86_64 1478402047 2837300 e265425e3ec369f7ae548499182abcaf installed
dwz-0.11-3.el7.x86_64 1402363547 225103 28a047bc76d0ad80e6938a94898129ca installed
libdb-utils-5.3.21-19.el7.x86_64 1448048281 298544 e92b77235cc5057a8f95fbe807cf4e95 installed
glib2-2.46.2-4.el7.x86_64 1478898319 11087694 97ab3533ead2c80c9cdf86e6668b2cf2 installed
shared-mime-info-1.1-9.el7.x86_64 1448025440 4115361 89653384bfb6e8cb1719a79e1734ebbf installed
unzip-6.0-16.el7.x86_64 1478364616 373986 9d5da8879446542c8522023f8076cd04 installed
zip-3.0-11.el7.x86_64 1478364595 815173 f49ae6270a053005b67e417123691ca7 installed
libidn-1.28-4.el7.x86_64 1448125248 630407 3d582106ac1032c59c1cd4236e5d6415 installed
libgomp-4.8.5-11.el7.x86_64 1478275282 212160 b52a5e64536c85972f6e0e1a5760f722 installed
glibc-devel-2.17-157.el7_3.5.x86_64 1500298582 1065848 f2392dde94effa85640a47d99d17caee installed
libstdc++-devel-4.8.5-11.el7.x86_64 1478275282 8436240 0605bd63737d50dd34e8d44a1575b17d installed
p11-kit-trust-0.20.7-3.el7.x86_64 1425617259 432712 27c602b180a748b767045a7e3be49771 installed
ustr-1.0.4-16.el7.x86_64 1402344766 285943 58bb2ebb64b048e24a4c7d5d51170f55 installed
libverto-0.2.5-4.el7.x86_64 1402386261 23060 341bae036f22ce087486f4d9e180caee installed
coreutils-8.22-18.el7.x86_64 1478378988 14589167 78b61584a4cd0d980d4162b1f0ca9851 installed
krb5-libs-1.14.1-27.el7_3.x86_64 1481049415 1982007 967aff7a7ae0e18d47e11e0c07de8aa4 installed
gzip-1.5-8.el7.x86_64 1437994709 249996 51a194b2b811dceadd8131ec00514df3 installed
cracklib-dicts-2.9.0-11.el7.x86_64 1402378933 9389116 da657b0facf181893f9a38437092dbbf installed
libmount-2.23.2-33.el7_3.2.x86_64 1492029834 265373 4b8e62e86e58000e5d056b75000e4ada installed
pam-1.1.8-18.el7.x86_64 1478387660 2625254 91ef11e8dd4b6d5b2774cdb760eb51fd installed
gcc-4.8.5-11.el7.x86_64 1478275282 39227971 3aa4f611f3060fa0fb3bb6652adf812a installed
gdb-7.6.1-94.el7.x86_64 1478390695 7336957 d8e955deddf380ddb6defefab68bda27 installed
shadow-utils-2:4.1.5.1-24.el7.x86_64 1478377031 3534490 19741e43ee0b142d310393848d75239f installed
nss-sysinit-3.28.4-1.2.el7_3.x86_64 1496160792 13977 8b1617cd935271e92bf824c556b145cd installed
nss-tools-3.28.4-1.2.el7_3.x86_64 1496160792 1969385 a25f54e05427094b7062d5e48715a838 installed
curl-7.29.0-35.el7.centos.x86_64 1479145747 539943 101dffb79f6fe91d28384abc56d61285 installed
rpm-4.11.3-21.el7.x86_64 1478389032 2622596 e3b63bc8a6cc74855f91154ba9043006 installed
libuser-0.60-7.el7_1.x86_64 1437736511 1954088 600dac5b8b35a4b02ebf86f517961d6a installed
pth-2.0.7-23.el7.x86_64 1448007112 267851 2d6939b73767d0f96b02677bcbeef2e2 installed
rpm-build-libs-4.11.3-21.el7.x86_64 1478389032 166648 150e04c61ec068b9e4b4be3d8af3fc70 installed
util-linux-2.23.2-33.el7_3.2.x86_64 1492029834 8192921 ea316ab4509288ea4aa1886a0fedb913 installed
make-1:3.82-23.el7.x86_64 1478384149 1160684 9e5ab17428b36e59a9d071c1fd1c81de installed
epel-rpm-macros-7-13.noarch 1481837374 19238 dbb70e20a1fab81c2c71e595ca5679cd installed
python-2.7.5-48.el7.x86_64 1478394190 80827 b20a7b1851284449f5db19a68db64bff installed
systemtap-sdt-devel-3.0-7.el7.x86_64 1478935788 167724 80ba1d153c904b580c6d50904481ed00 installed
libdb-devel-5.3.21-19.el7.x86_64 1448048281 129076 4bb00138e77ee50ec5f398de424b03a0 installed
perl-Test-Harness-3.28-3.el7.noarch 1439389340 607239 f131d5755e383c37135b023649a236b3 installed
perl-ExtUtils-MakeMaker-6.68-3.el7.noarch 1402365525 650532 bc996c68077ef5ac7a16424aed45c93b installed
perl-devel-4:5.16.3-291.el7.x86_64 1478396090 1929731 0c8acbf8fdae9350780515a13a1fd62c installed
gpg-pubkey-f4a80eb5-53a7ff4b 1403518795 0 (none) installed
libgcc-4.8.5-11.el7.x86_64 1478275282 179272 d9128700aa273b6ddd9e912cdca6fd3a installed
setup-2.8.71-7.el7.noarch 1478366376 696715 b892b51cef13214450fc98e74fa5bfce installed
python-srpm-macros-3-17.el7.noarch 1489088731 2285 9f05436a409ffed491e4f387425ce1b9 installed
basesystem-10.0-7.el7.centos.noarch 1403865430 0 778eb3d19a934f42d1354ed795d06b4f installed
ncurses-base-5.9-13.20130511.el7.noarch 1402456336 223432 95e35f3e239f11810b56ca1fd585e71e installed
kernel-headers-3.10.0-514.26.2.el7.x86_64 1499183696 3503216 241675f612a57cc134936f75f2d3d27a installed
glibc-common-2.17-157.el7_3.5.x86_64 1500298582 120300823 6a12e384dc26d70f23d1665e677a04e4 installed
glibc-2.17-157.el7_3.5.x86_64 1500298582 14095990 39473c61d11033d222245436bdce71b9 installed
ncurses-libs-5.9-13.20130511.el7.x86_64 1402376599 1027944 6169693d497cdfc620b011640186ec25 installed
libsepol-2.5-6.el7.x86_64 1478393742 661232 af97c3a6c98879b6d1b3894090472b69 installed
libselinux-2.5-6.el7.x86_64 1478397357 217770 86e4c84c85984ffcc9623838a21986ec installed
info-5.1-4.el7.x86_64 1402392124 494499 70ce7e97e911464ab4c4abeacfaad3ee installed
xz-libs-5.2.2-1.el7.x86_64 1478359687 239967 7701c542dc8fcd5a38ee52e8786d7cf4 installed
nspr-4.13.1-1.0.el7_3.x86_64 1488996099 287576 44e3e03656aa32d159c6f377ac319fbb installed
elfutils-libelf-0.166-2.el7.x86_64 1478364503 1035988 d805927accc6d8942e7a8259d4b7dcef installed
popt-1.13-16.el7.x86_64 1402373003 88516 87f5d6bac8f205fb14e2072e4b47ce23 installed
libattr-2.4.46-12.el7.x86_64 1402374817 19888 fa44059a105afff00526ef445e133015 installed
libcap-2.22-8.el7.x86_64 1402369545 111389 c0138383a0936b95b4cf2d3097272af2 installed
chkconfig-1.7.2-1.el7_3.1.x86_64 1498695976 746656 c5795fad6869b42c5536b303a56fae4b installed
sed-4.2.2-5.el7.x86_64 1402362115 601208 4d696dbd3061493258490f40c625adba installed
libgpg-error-1.12-3.el7.x86_64 1402390008 350865 a3933d4ce43c07fa9305e8765d78d099 installed
grep-2.20-2.el7.x86_64 1448000049 1194787 3ddb8801e5a60becf8dffafc0c708e07 installed
libcom_err-1.42.9-9.el7.x86_64 1478372568 60417 2d79b26883aa46ffb51bce3524e64a8e installed
libgcrypt-1.5.3-13.el7_3.1.x86_64 1479765722 597431 697fbe01b319d8549c6165d6ebf0043c installed
sqlite-3.7.17-8.el7.x86_64 1448009159 814231 0ceb9434c5a9d281399583087cfe889b installed
elfutils-libs-0.166-2.el7.x86_64 1478364503 712143 910d4f3e4d3fd5bb22adf942cd040072 installed
findutils-1:4.5.11-5.el7.x86_64 1448017218 1855626 2d571b503447f5ce47a4767f6a7e1986 installed
expat-2.1.0-10.el7_3.x86_64 1480372020 208315 9c5fdceee3715ad8a1b3a9dd711d5b79 installed
audit-libs-2.6.5-3.el7_3.1.x86_64 1488512575 222922 11e723967fc715b4aeca26fd248f85b5 installed
file-5.11-33.el7.x86_64 1478376472 67368 ae13ac73670dce99cb41df4e1127e819 installed
libassuan-2.1.0-3.el7.x86_64 1402341240 155391 c4c94aadc9da58f576b4ef238d0136cb installed
perl-parent-1:0.225-244.el7.noarch 1402384520 8141 d902f1a3426caa19ccbccf09263c54f6 installed
perl-podlators-2.5.1-3.el7.noarch 1402343776 287679 8e070dd716e3adf3c297291accaa4348 installed
perl-Text-ParseWords-3.29-4.el7.noarch 1402348486 16431 58a96328cb0e6dd435d15af542467a38 installed
perl-Pod-Escapes-1:1.04-291.el7.noarch 1478396090 21091 88e8b9d5c55238eebbce1c45ca1646cd installed
perl-macros-4:5.16.3-291.el7.x86_64 1478396090 5134 008c2829657869bc4741197dbed2eb3f installed
perl-Socket-2.010-4.el7.x86_64 1478359491 114497 5cda40abac38b41918352e9c75a1e651 installed
perl-threads-1.87-4.el7.x86_64 1402377734 98615 29739d2f766c8bd85e85de9f8ccb7367 installed
perl-Carp-1.26-244.el7.noarch 1402362759 28276 0f9ffc1d8836311235869048667422e9 installed
perl-Exporter-5.68-3.el7.noarch 1402373350 56612 d6e7deb74b149e4b7aa23a998a127bb4 installed
perl-Time-Local-1.2300-2.el7.noarch 1402342290 44062 8dba0f2d49849dc3990cfc9e91d5ec6b installed
perl-File-Temp-0.23.01-3.el7.noarch 1402383789 158781 396b0a1af3a203e1cb33c98814d5a6d8 installed
perl-PathTools-3.40-5.el7.x86_64 1402373476 174131 c597987071b0f81a0029667e83e1ecae installed
perl-Pod-Simple-1:3.28-4.el7.noarch 1402365613 538320 8e5edeb936a154537062b776eb41cb7d installed
perl-4:5.16.3-291.el7.x86_64 1478396090 23556122 53fa5de0e7ee459fa7ae63e2a4cfd5ac installed
pinentry-0.8.1-17.el7.x86_64 1478360967 159929 740fabe008451f11fee22ff086fb13d3 installed
patch-2.7.1-8.el7.x86_64 1402355045 215289 d16dfa08725e47cfafff06d93ed2dddf installed
cyrus-sasl-lib-2.1.26-20.el7_2.x86_64 1455639042 396831 e8c2daef99a28711c5294ce5acfa00c1 installed
libxml2-2.9.1-6.el7_2.3.x86_64 1466692601 1710062 e439b8934c4e9576eccfbc60d3cd714f installed
pkgconfig-1:0.27.1-4.el7.x86_64 1402351548 105522 ef58117c9c617599952c0642ff5e8d00 installed
xz-5.2.2-1.el7.x86_64 1478359687 798130 3e6f05008f7af7931aa8257964527f1a installed
bzip2-1.0.6-13.el7.x86_64 1447995892 83791 704f597825711270b0ba2af51bebecae installed
cpio-2.11-24.el7.x86_64 1447997205 684462 d061072a50a8464b9fc6f3126bdc99e6 installed
diffutils-3.3-4.el7.x86_64 1402384041 1065157 d8c60275b4c6d54e8bf7ee19cf0c4f2b installed
glibc-headers-2.17-157.el7_3.5.x86_64 1500298582 2337216 ff1374e3957a910a7842f64435e944e7 installed
ncurses-5.9-13.20130511.el7.x86_64 1402376599 439274 83e0509c3f285af4bcbd2c3d149b58fa installed
libtasn1-3.8-3.el7.x86_64 1478384394 423202 35b2f24d7fe9075cbb93c34c76e44c25 installed
ca-certificates-2017.2.14-70.1.el7_3.noarch 1497371353 1143959 2647624b15c84827c952cde5aee1058e installed
libsemanage-2.5-5.1.el7_3.x86_64 1484678009 280825 c42ae828433e3ef6de1fc1be1afe8b45 installed
keyutils-libs-1.5.8-3.el7.x86_64 1402366675 42138 e31fa37a714787d3d72e0a9316c3a85b installed
openssl-libs-1:1.0.1e-60.el7_3.1.x86_64 1487601748 2696748 c400ac88f44e35f3bb96e522ce6728de installed
binutils-2.25.1-22.base.el7.x86_64 1478278375 23170154 3c01a153f67068aa7dbe6dfbf463d760 installed
cracklib-2.9.0-11.el7.x86_64 1402378933 209610 a973d883d6785904e49266428bb3ed90 installed
libblkid-2.23.2-33.el7_3.2.x86_64 1492029834 257309 b23d2cf8bd7c9cedd2c5ff05c8f607c8 installed
libpwquality-1.2.3-4.el7.x86_64 1402364696 332381 d738d3b86d5e1eb3f650eb84bce6bb7b installed
systemd-libs-219-30.el7_3.9.x86_64 1495747409 1075480 ea5be3f1be8cde429664d1311abaa3c2 installed
python-libs-2.7.5-48.el7.x86_64 1478394190 24697566 5e1e61dec7f2dc4749a917915243dda4 installed
libssh2-1.4.3-10.el7_2.1.x86_64 1457611554 341782 8ee7c5f75e2a2c85536f0f2282347545 installed
libutempter-1.1.6-4.el7.x86_64 1402365826 49749 8e28747e6a84b84af7d78c84cd8cd5e8 installed
nss-3.28.4-1.2.el7_3.x86_64 1496160792 2629179 07ac713b927f9b8f510c823122c467db installed
libcurl-7.29.0-35.el7.centos.x86_64 1479145747 435120 c71e18cee98bbd3685de8ea436a28948 installed
rpm-libs-4.11.3-21.el7.x86_64 1478389032 607096 636083e313393b6ea159ba202471bb94 installed
openldap-2.4.40-13.el7.x86_64 1478395335 1013199 f6580c3130ed1931031a9891139081ed installed
redhat-rpm-config-9.1.0-72.el7.centos.noarch 1479148687 171379 95cfc2d483f862f27b6a212c1ccab825 installed
gnupg2-2.0.22-4.el7.x86_64 1478362097 6644890 d8b66968ccb3108f3f1fee971a11c083 installed
rpm-build-4.11.3-21.el7.x86_64 1478389032 327777 4b0e7def1b7670e85166876fe88a7ba5 installed
gcc-c++-4.8.5-11.el7.x86_64 1478275282 17256296 99aacd7574b5be5846b4e4addd566207 installed
which-2.20-7.el7.x86_64 1402367122 76962 5b0eff1739daa46a80e9908f39167c29 installed
epel-release-7-10.noarch 1498316702 24834 6625bf3e776651417fc077be835dcd6a installed
pyparsing-1.5.6-9.el7.noarch 1402352147 375948 61b409d502448705a714d86288ee231a installed
gdbm-devel-1.10-8.el7.x86_64 1402349948 42866 2b68a1b0bb8e948d116351c48e8dd3e4 installed
perl-ExtUtils-Manifest-1.61-244.el7.noarch 1402374603 85359 de7fd112d77843cf3e0298d5d48640ab installed
perl-ExtUtils-Install-0:1.58-291.el7.noarch 1478396090 76408 abaf3e5f1ff7edfa9ea1d95d92a9b767 installed
perl-ExtUtils-ParseXS-1:3.18-2.el7.noarch 1402346359 178315 ce4db2a4072f0eefe827addfa9afbd6c installed
perl-Convert-ASN1-0.26-4.el7.noarch 1402345421 152768 14127db3922b6dc5341df8436c891208 installed
