INFO buildroot.py:345:  Mock Version: 1.4.2
DEBUG util.py:122:  touching file: /var/lib/mock/epel-7-x86_64/root/etc/fstab
DEBUG util.py:122:  touching file: /var/lib/mock/epel-7-x86_64/root/etc/yum/yum.conf
DEBUG util.py:122:  touching file: /var/lib/mock/epel-7-x86_64/root/etc/dnf.conf
DEBUG util.py:122:  touching file: /var/lib/mock/epel-7-x86_64/root/var/log/yum.log
DEBUG util.py:109:  ensuring that dir exists: /var/lib/mock/epel-7-x86_64/root/var/cache/yum/
DEBUG util.py:606:  child environment: None
DEBUG util.py:533:  Executing command: ['/bin/mount', '-n', '--bind', '/var/cache/mock/epel-7-x86_64/yum_cache/', '/var/lib/mock/epel-7-x86_64/root/var/cache/yum/'] with env {'LANG': 'C', 'TERM': 'vt100', 'SHELL': '/bin/sh', 'HOSTNAME': 'mock', 'HOME': '/builddir', 'PATH': '/usr/bin:/bin:/usr/sbin:/sbin'} and shell False
DEBUG util.py:588:  Child return code was: 0
DEBUG buildroot.py:140:  rootdir = /var/lib/mock/epel-7-x86_64/root
DEBUG buildroot.py:141:  resultdir = /home/fife/rt4repobuilder/perl-Set-IntSpan-srpm/epel-7-x86_64
DEBUG util.py:109:  ensuring that dir exists: /var/lib/mock/epel-7-x86_64/root/etc/pki/mock
DEBUG util.py:109:  ensuring that dir exists: /var/lib/mock/epel-7-x86_64/root/etc/yum/pluginconf.d
DEBUG package_manager.py:236:  configure yum
DEBUG package_manager.py:242:  configure yum priorities
DEBUG package_manager.py:244:  configure yum rhnplugin
DEBUG util.py:606:  child environment: None
DEBUG util.py:533:  Executing command: ['/usr/bin/systemd-nspawn', '-q', '-M', '6af6583dd3f34c4d9568769ed19c514d', '-D', '/var/lib/mock/epel-7-x86_64/root', '--setenv=LANG=C', '--setenv=TERM=vt100', '--setenv=SHELL=/bin/bash', '--setenv=HOSTNAME=mock', '--setenv=PROMPT_COMMAND=printf "\\033]0;<mock-chroot>\\007"', '--setenv=HOME=/builddir', '--setenv=PATH=/usr/bin:/bin:/usr/sbin:/sbin', '--setenv=PS1=<mock-chroot> \\s-\\v\\$ ', '/usr/sbin/userdel', '-r', '-f', 'mockbuild'] with env {'LANG': 'C', 'TERM': 'vt100', 'SHELL': '/bin/bash', 'HOSTNAME': 'mock', 'PROMPT_COMMAND': 'printf "\\033]0;<mock-chroot>\\007"', 'HOME': '/builddir', 'PATH': '/usr/bin:/bin:/usr/sbin:/sbin', 'PS1': '<mock-chroot> \\s-\\v\\$ '} and shell False
DEBUG util.py:588:  Child return code was: 0
DEBUG util.py:606:  child environment: None
DEBUG util.py:533:  Executing command: ['/usr/bin/systemd-nspawn', '-q', '-M', '570747705aaf4d5e8003c49f5c8b05c7', '-D', '/var/lib/mock/epel-7-x86_64/root', '--setenv=LANG=C', '--setenv=TERM=vt100', '--setenv=SHELL=/bin/bash', '--setenv=HOSTNAME=mock', '--setenv=PROMPT_COMMAND=printf "\\033]0;<mock-chroot>\\007"', '--setenv=HOME=/builddir', '--setenv=PATH=/usr/bin:/bin:/usr/sbin:/sbin', '--setenv=PS1=<mock-chroot> \\s-\\v\\$ ', '/usr/sbin/groupdel', 'mockbuild'] with env {'LANG': 'C', 'TERM': 'vt100', 'SHELL': '/bin/bash', 'HOSTNAME': 'mock', 'PROMPT_COMMAND': 'printf "\\033]0;<mock-chroot>\\007"', 'HOME': '/builddir', 'PATH': '/usr/bin:/bin:/usr/sbin:/sbin', 'PS1': '<mock-chroot> \\s-\\v\\$ '} and shell False
DEBUG util.py:450:  groupdel: group 'mockbuild' does not exist
DEBUG util.py:588:  Child return code was: 6
DEBUG util.py:606:  child environment: None
DEBUG util.py:533:  Executing command: ['/usr/bin/systemd-nspawn', '-q', '-M', 'b26d5e1b64d94557b9fa201271c5545d', '-D', '/var/lib/mock/epel-7-x86_64/root', '--setenv=LANG=C', '--setenv=TERM=vt100', '--setenv=SHELL=/bin/bash', '--setenv=HOSTNAME=mock', '--setenv=PROMPT_COMMAND=printf "\\033]0;<mock-chroot>\\007"', '--setenv=HOME=/builddir', '--setenv=PATH=/usr/bin:/bin:/usr/sbin:/sbin', '--setenv=PS1=<mock-chroot> \\s-\\v\\$ ', '/usr/sbin/groupadd', '-g', '135', 'mockbuild'] with env {'LANG': 'C', 'TERM': 'vt100', 'SHELL': '/bin/bash', 'HOSTNAME': 'mock', 'PROMPT_COMMAND': 'printf "\\033]0;<mock-chroot>\\007"', 'HOME': '/builddir', 'PATH': '/usr/bin:/bin:/usr/sbin:/sbin', 'PS1': '<mock-chroot> \\s-\\v\\$ '} and shell False
DEBUG util.py:588:  Child return code was: 0
DEBUG util.py:606:  child environment: None
DEBUG util.py:533:  Executing command: ['/usr/bin/systemd-nspawn', '-q', '-M', 'c6a1ed4c0d214c42bb108e21add5583b', '-D', '/var/lib/mock/epel-7-x86_64/root', '--setenv=LANG=C', '--setenv=TERM=vt100', '--setenv=SHELL=/bin/bash', '--setenv=HOSTNAME=mock', '--setenv=PROMPT_COMMAND=printf "\\033]0;<mock-chroot>\\007"', '--setenv=HOME=/builddir', '--setenv=PATH=/usr/bin:/bin:/usr/sbin:/sbin', '--setenv=PS1=<mock-chroot> \\s-\\v\\$ ', '/usr/sbin/useradd', '-o', '-m', '-u', '1000', '-g', '135', '-d', '/builddir', '-n', 'mockbuild'] with env {'LANG': 'C', 'TERM': 'vt100', 'SHELL': '/bin/bash', 'HOSTNAME': 'mock', 'PROMPT_COMMAND': 'printf "\\033]0;<mock-chroot>\\007"', 'HOME': '/builddir', 'PATH': '/usr/bin:/bin:/usr/sbin:/sbin', 'PS1': '<mock-chroot> \\s-\\v\\$ '} and shell False
DEBUG util.py:588:  Child return code was: 0
DEBUG util.py:109:  ensuring that dir exists: /var/lib/mock/epel-7-x86_64/root/builddir/build/RPMS
DEBUG util.py:112:  creating dir: /var/lib/mock/epel-7-x86_64/root/builddir/build/RPMS
DEBUG util.py:109:  ensuring that dir exists: /var/lib/mock/epel-7-x86_64/root/builddir/build/SPECS
DEBUG util.py:112:  creating dir: /var/lib/mock/epel-7-x86_64/root/builddir/build/SPECS
DEBUG util.py:109:  ensuring that dir exists: /var/lib/mock/epel-7-x86_64/root/builddir/build/SRPMS
DEBUG util.py:112:  creating dir: /var/lib/mock/epel-7-x86_64/root/builddir/build/SRPMS
DEBUG util.py:109:  ensuring that dir exists: /var/lib/mock/epel-7-x86_64/root/builddir/build/SOURCES
DEBUG util.py:112:  creating dir: /var/lib/mock/epel-7-x86_64/root/builddir/build/SOURCES
DEBUG util.py:109:  ensuring that dir exists: /var/lib/mock/epel-7-x86_64/root/builddir/build/BUILD
DEBUG util.py:112:  creating dir: /var/lib/mock/epel-7-x86_64/root/builddir/build/BUILD
DEBUG util.py:109:  ensuring that dir exists: /var/lib/mock/epel-7-x86_64/root/builddir/build/BUILDROOT
DEBUG util.py:112:  creating dir: /var/lib/mock/epel-7-x86_64/root/builddir/build/BUILDROOT
DEBUG util.py:109:  ensuring that dir exists: /var/lib/mock/epel-7-x86_64/root/builddir/build/originals
DEBUG util.py:112:  creating dir: /var/lib/mock/epel-7-x86_64/root/builddir/build/originals
DEBUG package_manager.py:107:  ['/usr/bin/yum', '--installroot', '/var/lib/mock/epel-7-x86_64/root/', '-y', '--releasever', '7', 'update']
DEBUG util.py:606:  child environment: None
DEBUG util.py:533:  Executing command: ['/usr/bin/yum', '--installroot', '/var/lib/mock/epel-7-x86_64/root/', '-y', '--releasever', '7', 'update'] with env {'LANG': 'C', 'TERM': 'vt100', 'SHELL': '/bin/bash', 'LC_MESSAGES': 'C.UTF-8', 'HOSTNAME': 'mock', 'PROMPT_COMMAND': 'printf "\\033]0;<mock-chroot>\\007"', 'HOME': '/builddir', 'PATH': '/usr/bin:/bin:/usr/sbin:/sbin', 'PS1': '<mock-chroot> \\s-\\v\\$ '} and shell False
DEBUG util.py:450:  Failed to set locale, defaulting to C
DEBUG util.py:450:  Not using downloaded repomd.xml because it is older than what we have:
DEBUG util.py:450:    Current   : Fri Aug  4 02:19:23 2017
DEBUG util.py:450:    Downloaded: Wed Aug  2 16:34:48 2017
DEBUG util.py:450:  No packages marked for update
DEBUG util.py:588:  Child return code was: 0
DEBUG util.py:122:  touching file: /var/lib/mock/epel-7-x86_64/root/.initialized
DEBUG util.py:606:  child environment: None
DEBUG util.py:533:  Executing command: ['/usr/bin/systemd-nspawn', '-q', '-M', 'ea143cd4d8d848149e6432de9c75cbe6', '-D', '/var/lib/mock/epel-7-x86_64/root', '--setenv=LANG=C', '--setenv=TERM=vt100', '--setenv=SHELL=/bin/bash', '--setenv=HOSTNAME=mock', '--setenv=PROMPT_COMMAND=printf "\\033]0;<mock-chroot>\\007"', '--setenv=HOME=/builddir', '--setenv=PATH=/usr/bin:/bin:/usr/sbin:/sbin', '--setenv=PS1=<mock-chroot> \\s-\\v\\$ ', '-u', 'mockbuild', '/bin/rpm', '-Uvh', '--nodeps', '/builddir/build/originals/epel-7-x86_64.src.rpm'] with env {'LANG': 'C', 'TERM': 'vt100', 'SHELL': '/bin/bash', 'HOSTNAME': 'mock', 'PROMPT_COMMAND': 'printf "\\033]0;<mock-chroot>\\007"', 'HOME': '/builddir', 'PATH': '/usr/bin:/bin:/usr/sbin:/sbin', 'PS1': '<mock-chroot> \\s-\\v\\$ '} and shell False
DEBUG util.py:450:  Updating / installing...
DEBUG util.py:450:  perl-Set-IntSpan-1.19-1.el7.centos    ########################################
DEBUG util.py:588:  Child return code was: 0
DEBUG util.py:606:  child environment: None
DEBUG util.py:533:  Executing command: ['/usr/bin/systemd-nspawn', '-q', '-M', '5592180f52284cff853311eb081e12e6', '-D', '/var/lib/mock/epel-7-x86_64/root', '--setenv=LANG=C', '--setenv=TERM=vt100', '--setenv=SHELL=/bin/bash', '--setenv=HOSTNAME=mock', '--setenv=PROMPT_COMMAND=printf "\\033]0;<mock-chroot>\\007"', '--setenv=HOME=/builddir', '--setenv=PATH=/usr/bin:/bin:/usr/sbin:/sbin', '--setenv=PS1=<mock-chroot> \\s-\\v\\$ ', '-u', 'mockbuild', '/bin/rpm', '-qpl', '/builddir/build/originals/epel-7-x86_64.src.rpm'] with env {'LANG': 'C', 'TERM': 'vt100', 'SHELL': '/bin/bash', 'HOSTNAME': 'mock', 'PROMPT_COMMAND': 'printf "\\033]0;<mock-chroot>\\007"', 'HOME': '/builddir', 'PATH': '/usr/bin:/bin:/usr/sbin:/sbin', 'PS1': '<mock-chroot> \\s-\\v\\$ '} and shell False
DEBUG util.py:450:  Set-IntSpan-1.19.tar.gz
DEBUG util.py:450:  perl-Set-IntSpan.spec
DEBUG util.py:588:  Child return code was: 0
DEBUG util.py:606:  child environment: None
DEBUG package_manager.py:107:  ['/usr/bin/yum-builddep', '--installroot', '/var/lib/mock/epel-7-x86_64/root/', '--releasever', '7', '/var/lib/mock/epel-7-x86_64/root//builddir/build/SRPMS/perl-Set-IntSpan-1.19-1.el7.centos.src.rpm']
DEBUG util.py:606:  child environment: None
DEBUG util.py:533:  Executing command: ['/usr/bin/yum-builddep', '--installroot', '/var/lib/mock/epel-7-x86_64/root/', '--releasever', '7', '/var/lib/mock/epel-7-x86_64/root//builddir/build/SRPMS/perl-Set-IntSpan-1.19-1.el7.centos.src.rpm'] with env {'LANG': 'C', 'TERM': 'vt100', 'SHELL': '/bin/bash', 'LC_MESSAGES': 'C.UTF-8', 'HOSTNAME': 'mock', 'PROMPT_COMMAND': 'printf "\\033]0;<mock-chroot>\\007"', 'HOME': '/builddir', 'PATH': '/usr/bin:/bin:/usr/sbin:/sbin', 'PS1': '<mock-chroot> \\s-\\v\\$ '} and shell False
DEBUG util.py:450:  Failed to set locale, defaulting to C
DEBUG util.py:450:  Getting requirements for perl-Set-IntSpan-1.19-1.el7.centos.src
DEBUG util.py:450:   --> perl-ExtUtils-MakeMaker-6.68-3.el7.noarch
DEBUG util.py:450:  --> Running transaction check
DEBUG util.py:450:  ---> Package perl-ExtUtils-MakeMaker.noarch 0:6.68-3.el7 will be installed
DEBUG util.py:450:  --> Processing Dependency: perl(Test::Harness) for package: perl-ExtUtils-MakeMaker-6.68-3.el7.noarch
DEBUG util.py:450:  --> Processing Dependency: perl(ExtUtils::Packlist) for package: perl-ExtUtils-MakeMaker-6.68-3.el7.noarch
DEBUG util.py:450:  --> Processing Dependency: perl(ExtUtils::Manifest) for package: perl-ExtUtils-MakeMaker-6.68-3.el7.noarch
DEBUG util.py:450:  --> Processing Dependency: perl(ExtUtils::Installed) for package: perl-ExtUtils-MakeMaker-6.68-3.el7.noarch
DEBUG util.py:450:  --> Processing Dependency: perl(ExtUtils::Install) for package: perl-ExtUtils-MakeMaker-6.68-3.el7.noarch
DEBUG util.py:450:  --> Running transaction check
DEBUG util.py:450:  ---> Package perl-ExtUtils-Install.noarch 0:1.58-291.el7 will be installed
DEBUG util.py:450:  --> Processing Dependency: perl-devel for package: perl-ExtUtils-Install-1.58-291.el7.noarch
DEBUG util.py:450:  ---> Package perl-ExtUtils-Manifest.noarch 0:1.61-244.el7 will be installed
DEBUG util.py:450:  ---> Package perl-Test-Harness.noarch 0:3.28-3.el7 will be installed
DEBUG util.py:450:  --> Running transaction check
DEBUG util.py:450:  ---> Package perl-devel.x86_64 4:5.16.3-291.el7 will be installed
DEBUG util.py:450:  --> Processing Dependency: systemtap-sdt-devel for package: 4:perl-devel-5.16.3-291.el7.x86_64
DEBUG util.py:450:  --> Processing Dependency: perl(ExtUtils::ParseXS) for package: 4:perl-devel-5.16.3-291.el7.x86_64
DEBUG util.py:450:  --> Processing Dependency: libdb-devel for package: 4:perl-devel-5.16.3-291.el7.x86_64
DEBUG util.py:450:  --> Processing Dependency: gdbm-devel for package: 4:perl-devel-5.16.3-291.el7.x86_64
DEBUG util.py:450:  --> Running transaction check
DEBUG util.py:450:  ---> Package gdbm-devel.x86_64 0:1.10-8.el7 will be installed
DEBUG util.py:450:  ---> Package libdb-devel.x86_64 0:5.3.21-19.el7 will be installed
DEBUG util.py:450:  ---> Package perl-ExtUtils-ParseXS.noarch 1:3.18-2.el7 will be installed
DEBUG util.py:450:  ---> Package systemtap-sdt-devel.x86_64 0:3.0-7.el7 will be installed
DEBUG util.py:450:  --> Processing Dependency: pyparsing for package: systemtap-sdt-devel-3.0-7.el7.x86_64
DEBUG util.py:450:  --> Processing Dependency: /usr/bin/python for package: systemtap-sdt-devel-3.0-7.el7.x86_64
DEBUG util.py:450:  --> Running transaction check
DEBUG util.py:450:  ---> Package pyparsing.noarch 0:1.5.6-9.el7 will be installed
DEBUG util.py:450:  ---> Package python.x86_64 0:2.7.5-48.el7 will be installed
DEBUG util.py:450:  --> Finished Dependency Resolution
DEBUG util.py:450:  Dependencies Resolved
DEBUG util.py:450:  ================================================================================
DEBUG util.py:450:   Package                      Arch        Version               Repository
DEBUG util.py:450:                                                                             Size
DEBUG util.py:450:  ================================================================================
DEBUG util.py:450:  Installing:
DEBUG util.py:450:   perl-ExtUtils-MakeMaker      noarch      6.68-3.el7            base      275 k
DEBUG util.py:450:  Installing for dependencies:
DEBUG util.py:450:   gdbm-devel                   x86_64      1.10-8.el7            base       47 k
DEBUG util.py:450:   libdb-devel                  x86_64      5.3.21-19.el7         base       38 k
DEBUG util.py:450:   perl-ExtUtils-Install        noarch      1.58-291.el7          base       74 k
DEBUG util.py:450:   perl-ExtUtils-Manifest       noarch      1.61-244.el7          base       31 k
DEBUG util.py:450:   perl-ExtUtils-ParseXS        noarch      1:3.18-2.el7          base       77 k
DEBUG util.py:450:   perl-Test-Harness            noarch      3.28-3.el7            base      302 k
DEBUG util.py:450:   perl-devel                   x86_64      4:5.16.3-291.el7      base      453 k
DEBUG util.py:450:   pyparsing                    noarch      1.5.6-9.el7           base       94 k
DEBUG util.py:450:   python                       x86_64      2.7.5-48.el7          base       90 k
DEBUG util.py:450:   systemtap-sdt-devel          x86_64      3.0-7.el7             base       69 k
DEBUG util.py:450:  Transaction Summary
DEBUG util.py:450:  ================================================================================
DEBUG util.py:450:  Install  1 Package (+10 Dependent packages)
DEBUG util.py:450:  Total download size: 1.5 M
DEBUG util.py:450:  Installed size: 4.1 M
DEBUG util.py:450:  Downloading packages:
DEBUG util.py:450:  --------------------------------------------------------------------------------
DEBUG util.py:450:  Total                                              1.5 MB/s | 1.5 MB  00:00     
DEBUG util.py:450:  Running transaction check
DEBUG util.py:450:  Running transaction test
DEBUG util.py:450:  Transaction test succeeded
DEBUG util.py:450:  Running transaction
DEBUG util.py:450:    Installing : python-2.7.5-48.el7.x86_64                                  1/11 
DEBUG util.py:450:    Installing : pyparsing-1.5.6-9.el7.noarch                                2/11 
DEBUG util.py:450:    Installing : systemtap-sdt-devel-3.0-7.el7.x86_64                        3/11 
DEBUG util.py:450:    Installing : gdbm-devel-1.10-8.el7.x86_64                                4/11 
DEBUG util.py:450:    Installing : libdb-devel-5.3.21-19.el7.x86_64                            5/11 
DEBUG util.py:450:    Installing : perl-ExtUtils-Manifest-1.61-244.el7.noarch                  6/11 
DEBUG util.py:450:    Installing : perl-Test-Harness-3.28-3.el7.noarch                         7/11 
DEBUG util.py:450:    Installing : 1:perl-ExtUtils-ParseXS-3.18-2.el7.noarch                   8/11 
DEBUG util.py:450:    Installing : 4:perl-devel-5.16.3-291.el7.x86_64                          9/11 
DEBUG util.py:450:    Installing : perl-ExtUtils-MakeMaker-6.68-3.el7.noarch                  10/11 
DEBUG util.py:450:    Installing : perl-ExtUtils-Install-1.58-291.el7.noarch                  11/11 
DEBUG util.py:450:    Verifying  : perl-ExtUtils-Install-1.58-291.el7.noarch                   1/11 
DEBUG util.py:450:    Verifying  : perl-Test-Harness-3.28-3.el7.noarch                         2/11 
DEBUG util.py:450:    Verifying  : systemtap-sdt-devel-3.0-7.el7.x86_64                        3/11 
DEBUG util.py:450:    Verifying  : 4:perl-devel-5.16.3-291.el7.x86_64                          4/11 
DEBUG util.py:450:    Verifying  : perl-ExtUtils-Manifest-1.61-244.el7.noarch                  5/11 
DEBUG util.py:450:    Verifying  : 1:perl-ExtUtils-ParseXS-3.18-2.el7.noarch                   6/11 
DEBUG util.py:450:    Verifying  : python-2.7.5-48.el7.x86_64                                  7/11 
DEBUG util.py:450:    Verifying  : libdb-devel-5.3.21-19.el7.x86_64                            8/11 
DEBUG util.py:450:    Verifying  : pyparsing-1.5.6-9.el7.noarch                                9/11 
DEBUG util.py:450:    Verifying  : gdbm-devel-1.10-8.el7.x86_64                               10/11 
DEBUG util.py:450:    Verifying  : perl-ExtUtils-MakeMaker-6.68-3.el7.noarch                  11/11 
DEBUG util.py:450:  Installed:
DEBUG util.py:450:    perl-ExtUtils-MakeMaker.noarch 0:6.68-3.el7                                   
DEBUG util.py:450:  Dependency Installed:
DEBUG util.py:450:    gdbm-devel.x86_64 0:1.10-8.el7                                                
DEBUG util.py:450:    libdb-devel.x86_64 0:5.3.21-19.el7                                            
DEBUG util.py:450:    perl-ExtUtils-Install.noarch 0:1.58-291.el7                                   
DEBUG util.py:450:    perl-ExtUtils-Manifest.noarch 0:1.61-244.el7                                  
DEBUG util.py:450:    perl-ExtUtils-ParseXS.noarch 1:3.18-2.el7                                     
DEBUG util.py:450:    perl-Test-Harness.noarch 0:3.28-3.el7                                         
DEBUG util.py:450:    perl-devel.x86_64 4:5.16.3-291.el7                                            
DEBUG util.py:450:    pyparsing.noarch 0:1.5.6-9.el7                                                
DEBUG util.py:450:    python.x86_64 0:2.7.5-48.el7                                                  
DEBUG util.py:450:    systemtap-sdt-devel.x86_64 0:3.0-7.el7                                        
DEBUG util.py:450:  Complete!
DEBUG util.py:588:  Child return code was: 0
DEBUG util.py:606:  child environment: None
DEBUG util.py:533:  Executing command: rpm -qa --root '/var/lib/mock/epel-7-x86_64/root' --qf '%{nevra} %{buildtime} %{size} %{pkgid} installed\n' > /home/fife/rt4repobuilder/perl-Set-IntSpan-srpm/epel-7-x86_64/installed_pkgs.log with env {'LANG': 'C', 'TERM': 'vt100', 'SHELL': '/bin/bash', 'HOSTNAME': 'mock', 'PROMPT_COMMAND': 'printf "\\033]0;<mock-chroot>\\007"', 'PATH': '/usr/bin:/bin:/usr/sbin:/sbin', 'HOME': '/builddir', 'PS1': '<mock-chroot> \\s-\\v\\$ '} and shell True
DEBUG util.py:588:  Child return code was: 0
DEBUG util.py:606:  child environment: None
DEBUG backend.py:500:  Copying packages to result dir
DEBUG util.py:197:  kill orphans
DEBUG util.py:606:  child environment: None
DEBUG util.py:533:  Executing command: ['/bin/umount', '-n', '/var/lib/mock/epel-7-x86_64/root/var/cache/yum/'] with env {'LANG': 'C', 'TERM': 'vt100', 'SHELL': '/bin/sh', 'HOSTNAME': 'mock', 'HOME': '/builddir', 'PATH': '/usr/bin:/bin:/usr/sbin:/sbin'} and shell False
DEBUG util.py:588:  Child return code was: 0
DEBUG util.py:606:  child environment: None
DEBUG util.py:533:  Executing command: ['btrfs', 'subv', 'list', '/var/lib/mock'] with env {'LANG': 'C', 'TERM': 'vt100', 'SHELL': '/bin/sh', 'HOSTNAME': 'mock', 'HOME': '/builddir', 'PATH': '/usr/bin:/bin:/usr/sbin:/sbin'} and shell False
DEBUG util.py:588:  Child return code was: 1
DEBUG util.py:1275:  Please ignore the error above above about btrfs.
